{
  "RSpec": {
    "coverage": {
      "D:/samseena/myprojects/testapp/spec/controllers/articles_controller_spec.rb": [
        1,
        null,
        1,
        1,
        null,
        1,
        1,
        1,
        null,
        1,
        null,
        null,
        1,
        1,
        1,
        1,
        1,
        null,
        1,
        null,
        null,
        null,
        null
      ],
      "D:/samseena/myprojects/testapp/spec/rails_helper.rb": [
        null,
        1,
        1,
        null,
        1,
        null,
        null,
        1,
        1,
        null,
        null,
        null,
        null,
        null,
        null,
        null,
        null,
        null,
        null,
        null,
        null,
        null,
        null,
        null,
        null,
        null,
        null,
        null,
        null,
        1,
        null,
        0,
        0,
        null,
        1,
        null,
        1,
        null,
        null,
        null,
        null,
        1,
        null,
        null,
        null,
        null,
        null,
        null,
        null,
        null,
        null,
        null,
        null,
        null,
        null,
        null,
        1,
        null,
        null,
        1,
        null,
        null,
        null
      ],
      "D:/samseena/myprojects/testapp/config/environment.rb": [
        null,
        1,
        null,
        null,
        1
      ],
      "D:/samseena/myprojects/testapp/config/application.rb": [
        1,
        null,
        1,
        null,
        null,
        null,
        1,
        null,
        1,
        1,
        null,
        1,
        null,
        null,
        null,
        null,
        null,
        null,
        null
      ],
      "D:/samseena/myprojects/testapp/config/boot.rb": [
        1,
        null,
        1,
        1
      ],
      "D:/samseena/myprojects/testapp/config/environments/test.rb": [
        null,
        null,
        null,
        null,
        null,
        1,
        null,
        null,
        1,
        null,
        null,
        null,
        null,
        1,
        null,
        null,
        1,
        1,
        null,
        null,
        null,
        null,
        1,
        1,
        1,
        null,
        null,
        1,
        null,
        null,
        1,
        null,
        null,
        1,
        null,
        1,
        null,
        null,
        null,
        null,
        1,
        null,
        null,
        1,
        null,
        null,
        null,
        null
      ],
      "D:/samseena/myprojects/testapp/config/initializers/application_controller_renderer.rb": [
        null,
        null,
        null,
        null,
        null,
        null,
        null,
        null
      ],
      "D:/samseena/myprojects/testapp/config/initializers/assets.rb": [
        null,
        null,
        null,
        1,
        null,
        null,
        null,
        null,
        1,
        null,
        null,
        null,
        null,
        null
      ],
      "D:/samseena/myprojects/testapp/config/initializers/backtrace_silencers.rb": [
        null,
        null,
        null,
        null,
        null,
        null,
        null
      ],
      "D:/samseena/myprojects/testapp/config/initializers/content_security_policy.rb": [
        null,
        null,
        null,
        null,
        null,
        null,
        null,
        null,
        null,
        null,
        null,
        null,
        null,
        null,
        null,
        null,
        null,
        null,
        null,
        null,
        null,
        null,
        null,
        null,
        null,
        null,
        null,
        null,
        null,
        null
      ],
      "D:/samseena/myprojects/testapp/config/initializers/cookies_serializer.rb": [
        null,
        null,
        null,
        null,
        1
      ],
      "D:/samseena/myprojects/testapp/config/initializers/filter_parameter_logging.rb": [
        null,
        null,
        null,
        1
      ],
      "D:/samseena/myprojects/testapp/config/initializers/inflections.rb": [
        null,
        null,
        null,
        null,
        null,
        null,
        null,
        null,
        null,
        null,
        null,
        null,
        null,
        null,
        null,
        null
      ],
      "D:/samseena/myprojects/testapp/config/initializers/mime_types.rb": [
        null,
        null,
        null,
        null
      ],
      "D:/samseena/myprojects/testapp/config/initializers/wrap_parameters.rb": [
        null,
        null,
        null,
        null,
        null,
        null,
        1,
        2,
        null,
        null,
        null,
        null,
        null,
        null
      ],
      "D:/samseena/myprojects/testapp/config/routes.rb": [
        1,
        null,
        null,
        null,
        1,
        1,
        1,
        null,
        null,
        null,
        1,
        null,
        1,
        null
      ],
      "D:/samseena/myprojects/testapp/app/helpers/application_helper.rb": [
        1,
        null
      ],
      "D:/samseena/myprojects/testapp/app/helpers/articles_helper.rb": [
        1,
        null
      ],
      "D:/samseena/myprojects/testapp/app/helpers/comments_helper.rb": [
        1,
        null
      ],
      "D:/samseena/myprojects/testapp/app/helpers/welcome_helper.rb": [
        1,
        null
      ],
      "D:/samseena/myprojects/testapp/app/models/application_record.rb": [
        1,
        1,
        null
      ],
      "D:/samseena/myprojects/testapp/app/controllers/articles_controller.rb": [
        1,
        1,
        null,
        1,
        1,
        null,
        null,
        1,
        1,
        null,
        null,
        1,
        0,
        null,
        null,
        null,
        1,
        0,
        null,
        0,
        0,
        null,
        0,
        null,
        null,
        null,
        1,
        0,
        null,
        null,
        1,
        0,
        0,
        0,
        null,
        0,
        null,
        null,
        null,
        1,
        0,
        0,
        null,
        0,
        null,
        null,
        null,
        1,
        1,
        0,
        null,
        null
      ],
      "D:/samseena/myprojects/testapp/app/controllers/application_controller.rb": [
        1,
        null
      ],
      "D:/samseena/myprojects/testapp/spec/models/article_spec.rb": [
        1,
        null,
        1,
        null,
        null,
        1,
        1,
        1,
        1,
        null,
        1,
        1,
        1,
        null,
        1,
        1,
        null,
        1,
        1,
        1,
        null,
        null,
        null,
        null,
        null,
        null,
        null,
        null,
        null,
        null,
        null,
        null,
        null,
        null,
        null,
        null,
        null,
        null,
        null,
        null,
        null,
        null,
        null,
        null,
        null,
        null,
        null
      ],
      "D:/samseena/myprojects/testapp/app/models/article.rb": [
        1,
        1,
        1,
        null,
        null
      ]
    },
    "timestamp": 1571307231
  }
}
